[2019-09-19 09:59:15]:get() returned more than one OrderInfo -- it returned 12!
[2019-09-19 10:18:12]:本页结果为空
[2019-09-19 10:20:13]:页码小于 1
[2019-09-19 10:39:14]:order_list() missing 1 required positional argument: 'status'
[2019-09-19 10:39:21]:order_list() missing 1 required positional argument: 'status'
[2019-09-19 10:39:24]:order_list() missing 1 required positional argument: 'status'
[2019-09-19 13:55:40]:order_list() missing 1 required positional argument: 'status'
[2019-09-19 13:55:41]:order_list() missing 1 required positional argument: 'status'
[2019-09-19 13:55:43]:order_list() missing 1 required positional argument: 'status'
[2019-09-19 14:28:13]:order_list() missing 1 required positional argument: 'status'
[2019-09-20 09:50:35]:Unable to parse connection string: ""
[2019-09-20 09:50:43]:Unable to parse connection string: ""
[2019-09-20 09:50:52]:Unable to parse connection string: ""
[2019-09-20 09:51:16]:Unable to parse connection string: ""
[2019-09-20 09:51:33]:Unable to parse connection string: ""
[2019-09-20 09:52:52]:Unable to parse connection string: ""
[2019-10-07 19:12:44]:'username'
[2019-10-07 19:12:58]:'username'
[2019-10-07 19:14:22]:'username'
[2019-10-07 19:22:36]:'username'
[2019-10-07 19:24:29]:'username'
[2019-10-07 19:28:45]:'username'
[2019-10-07 19:45:52]:'username'
[2019-10-07 19:59:50]:Invalid block tag on line 62: 'endcache'. Did you forget to register or load this tag?
[2019-10-07 19:59:52]:Invalid block tag on line 62: 'endcache'. Did you forget to register or load this tag?
[2019-10-07 19:59:56]:Invalid block tag on line 62: 'endcache'. Did you forget to register or load this tag?
